#-----------------------------------------------------------
# Vivado v2019.2 (64-bit)
# SW Build 2708876 on Wed Nov  6 21:40:23 MST 2019
# IP Build 2700528 on Thu Nov  7 00:09:20 MST 2019
# Start of session at: Fri May  3 11:23:30 2024
# Process ID: 20796
# Current directory: C:/Users/alexa/OneDrive/Desktop/Vivado_projects/mPMT_DAQ
# Command line: vivado.exe -gui_launcher_event rodinguilauncherevent3140 C:\Users\alexa\OneDrive\Desktop\Vivado_projects\mPMT_DAQ\mPMT_DAQ.xpr
# Log file: C:/Users/alexa/OneDrive/Desktop/Vivado_projects/mPMT_DAQ/vivado.log
# Journal file: C:/Users/alexa/OneDrive/Desktop/Vivado_projects/mPMT_DAQ\vivado.jou
#-----------------------------------------------------------
start_gui
open_project C:/Users/alexa/OneDrive/Desktop/Vivado_projects/mPMT_DAQ/mPMT_DAQ.xpr
Scanning sources...
Finished scanning sources
WARNING: [filemgmt 56-3] IP Repository Path: Could not find the directory 'C:/Users/alexa/OneDrive/Desktop/Vivado_projects/ip_repo/myip2_1.0'.
WARNING: [filemgmt 56-3] IP Repository Path: Could not find the directory 'C:/Users/alexa/OneDrive/Desktop/Vivado_projects/ip_repo/myip_1.0'.
WARNING: [filemgmt 56-3] IP Repository Path: Could not find the directory 'C:/Users/alexa/OneDrive/Desktop/Vivado_projects/ip_repo/RunControl_1.0'.
INFO: [IP_Flow 19-234] Refreshing IP repositories
WARNING: [IP_Flow 19-2248] Failed to load user IP repository 'c:/Users/alexa/OneDrive/Desktop/Vivado_projects/ip_repo/myip2_1.0'; Can't find the specified path.
If this directory should no longer be in your list of user repositories, go to the IP Settings dialog and remove it.
WARNING: [IP_Flow 19-2248] Failed to load user IP repository 'c:/Users/alexa/OneDrive/Desktop/Vivado_projects/ip_repo/myip_1.0'; Can't find the specified path.
If this directory should no longer be in your list of user repositories, go to the IP Settings dialog and remove it.
WARNING: [IP_Flow 19-2248] Failed to load user IP repository 'c:/Users/alexa/OneDrive/Desktop/Vivado_projects/ip_repo/RunControl_1.0'; Can't find the specified path.
If this directory should no longer be in your list of user repositories, go to the IP Settings dialog and remove it.
INFO: [IP_Flow 19-2313] Loaded Vivado IP repository 'C:/Xilinx/Vivado/2019.2/data/ip'.
open_project: Time (s): cpu = 00:00:07 ; elapsed = 00:00:18 . Memory (MB): peak = 1008.926 ; gain = 393.867
update_compile_order -fileset sources_1
exit
INFO: [Common 17-206] Exiting Vivado at Fri May  3 17:12:26 2024...
